<?xml version="1.0" encoding="UTF-8"?>
<!-- Generated by org.testng.reporters.JUnitReportReporter -->
<testsuite hostname="NAN1DSK0146" failures="0" tests="1" name="scripts.TestExamples" time="9.739" errors="0" timestamp="02 May 2019 16:56:03 GMT" skipped="0">
  <testcase classname="scripts.TestExamples" name="testLogin_Logout" time="9.739"/>
</testsuite> <!-- scripts.TestExamples -->
