<?xml version="1.0" encoding="UTF-8"?>
<!-- Generated by org.testng.reporters.JUnitReportReporter -->
<testsuite hostname="NAN1DSK0146" failures="0" tests="1" name="scripts.TestExamples" time="29.096" errors="0" timestamp="06 May 2019 10:18:22 GMT" skipped="0">
  <testcase classname="scripts.TestExamples" name="testLogin_Logout" time="29.096"/>
</testsuite> <!-- scripts.TestExamples -->
